
*** Running vivado
    with args -log spi_slave.vds -m64 -product Vivado -mode batch -messageDb vivado.pb -notrace -source spi_slave.tcl


ECHO is off.
ECHO is off.

****** Vivado v2023.1 (64-bit)
  **** SW Build 3865809 on Sun May  7 15:05:29 MDT 2023
  **** IP Build 3864474 on Sun May  7 20:36:21 MDT 2023
  **** SharedData Build 3865790 on Sun May 07 13:33:03 MDT 2023
    ** Copyright 1986-2022 Xilinx, Inc. All Rights Reserved.
    ** Copyright 2022-2023 Advanced Micro Devices, Inc. All Rights Reserved.

source spi_slave.tcl -notrace
create_project: Time (s): cpu = 00:00:10 ; elapsed = 00:00:10 . Memory (MB): peak = 425.582 ; gain = 162.305
Command: read_checkpoint -auto_incremental -incremental C:/Users/Nate/Desktop/UPD_Files/4th_Year/1st_Semester/CoE_168/SPI_Protocol_Implementation/SPI_Protocol_Implementation.srcs/utils_1/imports/synth_1/spi_tb.dcp
INFO: [Vivado 12-5825] Read reference checkpoint from C:/Users/Nate/Desktop/UPD_Files/4th_Year/1st_Semester/CoE_168/SPI_Protocol_Implementation/SPI_Protocol_Implementation.srcs/utils_1/imports/synth_1/spi_tb.dcp for incremental synthesis
INFO: [Vivado 12-7989] Please ensure there are no constraint changes
Command: synth_design -top spi_slave -part xc7a35ticsg324-1L
Starting synth_design
Attempting to get a license for feature 'Synthesis' and/or device 'xc7a35ti'
INFO: [Common 17-349] Got license for feature 'Synthesis' and/or device 'xc7a35ti'
INFO: [Synth 8-7079] Multithreading enabled for synth_design using a maximum of 2 processes.
INFO: [Synth 8-7078] Launching helper process for spawning children vivado processes
INFO: [Synth 8-7075] Helper process launched with PID 12848
---------------------------------------------------------------------------------
Starting Synthesize : Time (s): cpu = 00:00:08 ; elapsed = 00:00:09 . Memory (MB): peak = 867.633 ; gain = 407.398
---------------------------------------------------------------------------------
INFO: [Synth 8-6157] synthesizing module 'spi_slave' [C:/Users/Nate/Desktop/UPD_Files/4th_Year/1st_Semester/CoE_168/Exercise4/Exercise4/spi_slave.v:3]
INFO: [Synth 8-6157] synthesizing module 'regfile' [C:/Users/Nate/Desktop/UPD_Files/4th_Year/1st_Semester/CoE_168/Exercise4/Exercise4/regfile.v:3]
INFO: [Synth 8-6155] done synthesizing module 'regfile' (0#1) [C:/Users/Nate/Desktop/UPD_Files/4th_Year/1st_Semester/CoE_168/Exercise4/Exercise4/regfile.v:3]
INFO: [Synth 8-6155] done synthesizing module 'spi_slave' (0#1) [C:/Users/Nate/Desktop/UPD_Files/4th_Year/1st_Semester/CoE_168/Exercise4/Exercise4/spi_slave.v:3]
---------------------------------------------------------------------------------
Finished Synthesize : Time (s): cpu = 00:00:11 ; elapsed = 00:00:12 . Memory (MB): peak = 960.883 ; gain = 500.648
---------------------------------------------------------------------------------
---------------------------------------------------------------------------------
Finished Constraint Validation : Time (s): cpu = 00:00:12 ; elapsed = 00:00:13 . Memory (MB): peak = 960.883 ; gain = 500.648
---------------------------------------------------------------------------------
---------------------------------------------------------------------------------
Start Loading Part and Timing Information
---------------------------------------------------------------------------------
Loading part: xc7a35ticsg324-1L
---------------------------------------------------------------------------------
Finished Loading Part and Timing Information : Time (s): cpu = 00:00:12 ; elapsed = 00:00:13 . Memory (MB): peak = 960.883 ; gain = 500.648
---------------------------------------------------------------------------------
INFO: [Device 21-403] Loading part xc7a35ticsg324-1L
---------------------------------------------------------------------------------
Start Preparing Guide Design
---------------------------------------------------------------------------------
CRITICAL WARNING: [Synth 8-6895] The reference checkpoint C:/Users/Nate/Desktop/UPD_Files/4th_Year/1st_Semester/CoE_168/SPI_Protocol_Implementation/SPI_Protocol_Implementation.srcs/utils_1/imports/synth_1/spi_tb.dcp is not suitable for use with incremental synthesis for this design. Please regenerate the checkpoint for this design with -incremental_synth switch in the same Vivado session that synth_design has been run. Synthesis will continue with the default flow
---------------------------------------------------------------------------------
Finished Doing Graph Differ : Time (s): cpu = 00:00:12 ; elapsed = 00:00:13 . Memory (MB): peak = 960.883 ; gain = 500.648
---------------------------------------------------------------------------------
---------------------------------------------------------------------------------
Finished Preparing Guide Design : Time (s): cpu = 00:00:12 ; elapsed = 00:00:13 . Memory (MB): peak = 960.883 ; gain = 500.648
---------------------------------------------------------------------------------
INFO: [Synth 8-802] inferred FSM for state register 'state_reg' in module 'spi_slave'
---------------------------------------------------------------------------------------------------
                   State |                     New Encoding |                Previous Encoding 
---------------------------------------------------------------------------------------------------
                 iSTATE1 |                               00 |                               00
                  iSTATE |                               01 |                               01
                 iSTATE0 |                               10 |                               10
                 iSTATE2 |                               11 |                               11
*
---------------------------------------------------------------------------------------------------
INFO: [Synth 8-3354] encoded FSM with state register 'state_reg' using encoding 'sequential' in module 'spi_slave'
---------------------------------------------------------------------------------
Finished RTL Optimization Phase 2 : Time (s): cpu = 00:00:12 ; elapsed = 00:00:13 . Memory (MB): peak = 960.883 ; gain = 500.648
---------------------------------------------------------------------------------


Incremental Synthesis Report Summary:

1. Incremental synthesis run: no

   Reason for not running incremental synthesis : 


INFO: [Synth 8-7130] Flow is switching to default flow due to incremental criteria not met. If you would like to alter this behaviour and have the flow terminate instead, please set the following parameter config_implementation {autoIncr.Synth.RejectBehavior Terminate}
No constraint files found.
---------------------------------------------------------------------------------
Start RTL Component Statistics 
---------------------------------------------------------------------------------
Detailed RTL Component Info : 
+---Adders : 
	   2 Input    5 Bit       Adders := 1     
+---Registers : 
	               16 Bit    Registers := 17    
	                5 Bit    Registers := 1     
	                4 Bit    Registers := 1     
	                1 Bit    Registers := 5     
+---Muxes : 
	   2 Input   16 Bit        Muxes := 1     
	   4 Input    5 Bit        Muxes := 1     
	   2 Input    4 Bit        Muxes := 1     
	   4 Input    2 Bit        Muxes := 1     
	   2 Input    2 Bit        Muxes := 1     
	   2 Input    1 Bit        Muxes := 31    
	   3 Input    1 Bit        Muxes := 4     
	   4 Input    1 Bit        Muxes := 6     
---------------------------------------------------------------------------------
Finished RTL Component Statistics 
---------------------------------------------------------------------------------
---------------------------------------------------------------------------------
Start Part Resource Summary
---------------------------------------------------------------------------------
Part Resources:
DSPs: 90 (col length:60)
BRAMs: 100 (col length: RAMB18 60 RAMB36 30)
---------------------------------------------------------------------------------
Finished Part Resource Summary
---------------------------------------------------------------------------------
No constraint files found.
---------------------------------------------------------------------------------
Start Cross Boundary and Area Optimization
---------------------------------------------------------------------------------
WARNING: [Synth 8-7080] Parallel synthesis criteria is not met
---------------------------------------------------------------------------------
Finished Cross Boundary and Area Optimization : Time (s): cpu = 00:00:22 ; elapsed = 00:00:25 . Memory (MB): peak = 1153.750 ; gain = 693.516
---------------------------------------------------------------------------------
No constraint files found.
---------------------------------------------------------------------------------
Start Timing Optimization
---------------------------------------------------------------------------------
---------------------------------------------------------------------------------
Finished Timing Optimization : Time (s): cpu = 00:00:22 ; elapsed = 00:00:25 . Memory (MB): peak = 1153.750 ; gain = 693.516
---------------------------------------------------------------------------------
---------------------------------------------------------------------------------
Start Technology Mapping
---------------------------------------------------------------------------------
---------------------------------------------------------------------------------
Finished Technology Mapping : Time (s): cpu = 00:00:22 ; elapsed = 00:00:25 . Memory (MB): peak = 1153.750 ; gain = 693.516
---------------------------------------------------------------------------------
---------------------------------------------------------------------------------
Start IO Insertion
---------------------------------------------------------------------------------
---------------------------------------------------------------------------------
Start Flattening Before IO Insertion
---------------------------------------------------------------------------------
---------------------------------------------------------------------------------
Finished Flattening Before IO Insertion
---------------------------------------------------------------------------------
---------------------------------------------------------------------------------
Start Final Netlist Cleanup
---------------------------------------------------------------------------------
---------------------------------------------------------------------------------
Finished Final Netlist Cleanup
---------------------------------------------------------------------------------
---------------------------------------------------------------------------------
Finished IO Insertion : Time (s): cpu = 00:00:31 ; elapsed = 00:00:34 . Memory (MB): peak = 1153.750 ; gain = 693.516
---------------------------------------------------------------------------------
---------------------------------------------------------------------------------
Start Renaming Generated Instances
---------------------------------------------------------------------------------
---------------------------------------------------------------------------------
Finished Renaming Generated Instances : Time (s): cpu = 00:00:31 ; elapsed = 00:00:34 . Memory (MB): peak = 1153.750 ; gain = 693.516
---------------------------------------------------------------------------------
---------------------------------------------------------------------------------
Start Rebuilding User Hierarchy
---------------------------------------------------------------------------------
---------------------------------------------------------------------------------
Finished Rebuilding User Hierarchy : Time (s): cpu = 00:00:31 ; elapsed = 00:00:34 . Memory (MB): peak = 1153.750 ; gain = 693.516
---------------------------------------------------------------------------------
---------------------------------------------------------------------------------
Start Renaming Generated Ports
---------------------------------------------------------------------------------
---------------------------------------------------------------------------------
Finished Renaming Generated Ports : Time (s): cpu = 00:00:31 ; elapsed = 00:00:34 . Memory (MB): peak = 1153.750 ; gain = 693.516
---------------------------------------------------------------------------------
---------------------------------------------------------------------------------
Start Handling Custom Attributes
---------------------------------------------------------------------------------
---------------------------------------------------------------------------------
Finished Handling Custom Attributes : Time (s): cpu = 00:00:31 ; elapsed = 00:00:34 . Memory (MB): peak = 1153.750 ; gain = 693.516
---------------------------------------------------------------------------------
---------------------------------------------------------------------------------
Start Renaming Generated Nets
---------------------------------------------------------------------------------
---------------------------------------------------------------------------------
Finished Renaming Generated Nets : Time (s): cpu = 00:00:31 ; elapsed = 00:00:34 . Memory (MB): peak = 1153.750 ; gain = 693.516
---------------------------------------------------------------------------------
---------------------------------------------------------------------------------
Start Writing Synthesis Report
---------------------------------------------------------------------------------

Report BlackBoxes: 
+-+--------------+----------+
| |BlackBox name |Instances |
+-+--------------+----------+
+-+--------------+----------+

Report Cell Usage: 
+------+------+------+
|      |Cell  |Count |
+------+------+------+
|1     |BUFG  |     1|
|2     |LUT1  |     1|
|3     |LUT2  |     3|
|4     |LUT3  |    16|
|5     |LUT4  |    10|
|6     |LUT5  |    23|
|7     |LUT6  |    80|
|8     |MUXF7 |    35|
|9     |MUXF8 |    16|
|10    |FDCE  |   287|
|11    |FDPE  |     1|
|12    |IBUF  |     5|
|13    |OBUF  |     1|
+------+------+------+

Report Instance Areas: 
+------+----------+--------+------+
|      |Instance  |Module  |Cells |
+------+----------+--------+------+
|1     |top       |        |   479|
|2     |  regfile |regfile |   392|
+------+----------+--------+------+
---------------------------------------------------------------------------------
Finished Writing Synthesis Report : Time (s): cpu = 00:00:31 ; elapsed = 00:00:34 . Memory (MB): peak = 1153.750 ; gain = 693.516
---------------------------------------------------------------------------------
Synthesis finished with 0 errors, 1 critical warnings and 1 warnings.
Synthesis Optimization Runtime : Time (s): cpu = 00:00:31 ; elapsed = 00:00:34 . Memory (MB): peak = 1153.750 ; gain = 693.516
Synthesis Optimization Complete : Time (s): cpu = 00:00:31 ; elapsed = 00:00:34 . Memory (MB): peak = 1153.750 ; gain = 693.516
INFO: [Project 1-571] Translating synthesized netlist
Netlist sorting complete. Time (s): cpu = 00:00:00 ; elapsed = 00:00:00.009 . Memory (MB): peak = 1165.711 ; gain = 0.000
INFO: [Netlist 29-17] Analyzing 51 Unisim elements for replacement
INFO: [Netlist 29-28] Unisim Transformation completed in 0 CPU seconds
INFO: [Project 1-570] Preparing netlist for logic optimization
INFO: [Opt 31-138] Pushed 0 inverter(s) to 0 load pin(s).
Netlist sorting complete. Time (s): cpu = 00:00:00 ; elapsed = 00:00:00 . Memory (MB): peak = 1256.461 ; gain = 0.000
INFO: [Project 1-111] Unisim Transformation Summary:
No Unisim elements were transformed.

Synth Design complete | Checksum: 9c824ba0
INFO: [Common 17-83] Releasing license: Synthesis
21 Infos, 1 Warnings, 1 Critical Warnings and 0 Errors encountered.
synth_design completed successfully
synth_design: Time (s): cpu = 00:00:33 ; elapsed = 00:00:37 . Memory (MB): peak = 1256.461 ; gain = 806.043
INFO: [runtcl-6] Synthesis results are not added to the cache due to CRITICAL_WARNING
INFO: [Common 17-1381] The checkpoint 'C:/Users/Nate/Desktop/UPD_Files/4th_Year/1st_Semester/CoE_168/SPI_Protocol_Implementation/SPI_Protocol_Implementation.runs/synth_1/spi_slave.dcp' has been generated.
INFO: [runtcl-4] Executing : report_utilization -file spi_slave_utilization_synth.rpt -pb spi_slave_utilization_synth.pb
INFO: [Common 17-206] Exiting Vivado at Thu Nov 23 21:28:27 2023...
